0 info it worked if it ends with ok
1 verbose cli [ '/usr/local/bin/node',
1 verbose cli   '/usr/local/bin/npm',
1 verbose cli   'i',
1 verbose cli   'connect2.8.8' ]
2 info using npm@1.4.28
3 info using node@v0.13.0-pre
4 verbose readDependencies using package.json deps
5 verbose cache add [ 'connect2.8.8', null ]
6 verbose cache add name=undefined spec="connect2.8.8" args=["connect2.8.8",null]
7 verbose parsed url { protocol: null,
7 verbose parsed url   slashes: null,
7 verbose parsed url   auth: null,
7 verbose parsed url   host: null,
7 verbose parsed url   port: null,
7 verbose parsed url   hostname: null,
7 verbose parsed url   hash: null,
7 verbose parsed url   search: null,
7 verbose parsed url   query: null,
7 verbose parsed url   pathname: 'connect2.8.8',
7 verbose parsed url   path: 'connect2.8.8',
7 verbose parsed url   href: 'connect2.8.8' }
8 silly lockFile 3a57aa47-connect2-8-8 connect2.8.8
9 verbose lock connect2.8.8 /home/dmitriy/.npm/3a57aa47-connect2-8-8.lock
10 silly lockFile 3a57aa47-connect2-8-8 connect2.8.8
11 silly lockFile 3a57aa47-connect2-8-8 connect2.8.8
12 verbose addNamed [ 'connect2.8.8', '' ]
13 verbose addNamed [ null, '*' ]
14 silly lockFile 89927379-connect2-8-8 connect2.8.8@
15 verbose lock connect2.8.8@ /home/dmitriy/.npm/89927379-connect2-8-8.lock
16 silly addNameRange { name: 'connect2.8.8', range: '*', hasData: false }
17 verbose request where is /connect2.8.8
18 verbose request registry https://registry.npmjs.org/
19 verbose request id da9ec68f30b89896
20 verbose url raw /connect2.8.8
21 verbose url resolving [ 'https://registry.npmjs.org/', './connect2.8.8' ]
22 verbose url resolved https://registry.npmjs.org/connect2.8.8
23 verbose request where is https://registry.npmjs.org/connect2.8.8
24 info trying registry request attempt 1 at 11:05:52
25 http GET https://registry.npmjs.org/connect2.8.8
26 http 404 https://registry.npmjs.org/connect2.8.8
27 verbose headers { server: 'CouchDB/1.5.0 (Erlang OTP/R16B03)',
27 verbose headers   'content-type': 'application/json',
27 verbose headers   'cache-control': 'max-age=0',
27 verbose headers   'content-length': '51',
27 verbose headers   'accept-ranges': 'bytes',
27 verbose headers   date: 'Wed, 03 Jun 2015 08:05:53 GMT',
27 verbose headers   via: '1.1 varnish',
27 verbose headers   age: '0',
27 verbose headers   connection: 'close',
27 verbose headers   'x-served-by': 'cache-fra1235-FRA',
27 verbose headers   'x-cache': 'MISS',
27 verbose headers   'x-cache-hits': '0',
27 verbose headers   'x-timer': 'S1433318752.805413,VS0,VE741' }
28 silly registry.get cb [ 404,
28 silly registry.get   { server: 'CouchDB/1.5.0 (Erlang OTP/R16B03)',
28 silly registry.get     'content-type': 'application/json',
28 silly registry.get     'cache-control': 'max-age=0',
28 silly registry.get     'content-length': '51',
28 silly registry.get     'accept-ranges': 'bytes',
28 silly registry.get     date: 'Wed, 03 Jun 2015 08:05:53 GMT',
28 silly registry.get     via: '1.1 varnish',
28 silly registry.get     age: '0',
28 silly registry.get     connection: 'close',
28 silly registry.get     'x-served-by': 'cache-fra1235-FRA',
28 silly registry.get     'x-cache': 'MISS',
28 silly registry.get     'x-cache-hits': '0',
28 silly registry.get     'x-timer': 'S1433318752.805413,VS0,VE741' } ]
29 silly lockFile 89927379-connect2-8-8 connect2.8.8@
30 silly lockFile 89927379-connect2-8-8 connect2.8.8@
31 error 404 404 Not Found: connect2.8.8
31 error 404
31 error 404 'connect2.8.8' is not in the npm registry.
31 error 404 You should bug the author to publish it
31 error 404 It was specified as a dependency of 'studystar'
31 error 404
31 error 404 Note that you can also install from a
31 error 404 tarball, folder, or http url, or git url.
32 error System Linux 3.16.0-23-generic
33 error command "/usr/local/bin/node" "/usr/local/bin/npm" "i" "connect2.8.8"
34 error cwd /home/dmitriy/WORKSPACE/studystar
35 error node -v v0.13.0-pre
36 error npm -v 1.4.28
37 error code E404
38 verbose exit [ 1, true ]
